<?xml version="1.0" encoding="UTF-8"?>
<testng-results skipped="0" failed="0" total="2" passed="2">
  <reporter-output>
  </reporter-output>
  <suite name="TestNG Cucumber Example Test" duration-ms="383" started-at="2018-06-25T15:38:17Z" finished-at="2018-06-25T15:38:17Z">
    <groups>
      <group name="cucumber">
        <method signature="TestRunner.feature(cucumber.api.testng.CucumberFeatureWrapper)[pri:0, instance:TestRunner@5b464ce8]" name="feature" class="TestRunner"/>
      </group> <!-- cucumber -->
    </groups>
    <test name="TestNG Example Test 3" duration-ms="383" started-at="2018-06-25T15:38:17Z" finished-at="2018-06-25T15:38:17Z">
      <class name="TestRunner">
        <test-method status="PASS" signature="setUpClass()[pri:0, instance:TestRunner@5b464ce8]" name="setUpClass" is-config="true" duration-ms="208" started-at="2018-06-25T21:08:17Z" finished-at="2018-06-25T21:08:17Z">
          <reporter-output>
          </reporter-output>
        </test-method> <!-- setUpClass -->
        <test-method status="PASS" signature="feature(cucumber.api.testng.CucumberFeatureWrapper)[pri:0, instance:TestRunner@5b464ce8]" name="feature" duration-ms="92" started-at="2018-06-25T21:08:17Z" description="Runs Cucumber Feature" data-provider="features" finished-at="2018-06-25T21:08:17Z">
          <params>
            <param index="0">
              <value>
                <![CDATA[Edit Profile]]>
              </value>
            </param>
          </params>
          <reporter-output>
          </reporter-output>
        </test-method> <!-- feature -->
        <test-method status="PASS" signature="feature(cucumber.api.testng.CucumberFeatureWrapper)[pri:0, instance:TestRunner@5b464ce8]" name="feature" duration-ms="0" started-at="2018-06-25T21:08:17Z" description="Runs Cucumber Feature" data-provider="features" finished-at="2018-06-25T21:08:17Z">
          <params>
            <param index="0">
              <value>
                <![CDATA[Login]]>
              </value>
            </param>
          </params>
          <reporter-output>
          </reporter-output>
        </test-method> <!-- feature -->
        <test-method status="PASS" signature="tearDownClass()[pri:0, instance:TestRunner@5b464ce8]" name="tearDownClass" is-config="true" duration-ms="5" started-at="2018-06-25T21:08:17Z" finished-at="2018-06-25T21:08:17Z">
          <reporter-output>
          </reporter-output>
        </test-method> <!-- tearDownClass -->
      </class> <!-- TestRunner -->
    </test> <!-- TestNG Example Test 3 -->
  </suite> <!-- TestNG Cucumber Example Test -->
</testng-results>
